INFO:root:[ 06/12/2020 16:27:49 ] The string digits were converted to integer, so they can be used in V
INFO:root:[ 06/12/2020 17:22:40 ] The string digits were converted to integer, so they can be used in V
INFO:root:[ 06/12/2020 17:23:44 ] The string digits were converted to integer, so they can be used in V computation
ERROR:root:[ 06/12/2020 17:23:59 ] Input of invalid type and it can not be used to compute V
ERROR:root:[ 06/12/2020 17:24:49 ] Input of invalid type and it can not be used to compute V
ERROR:root:[ 06/12/2020 17:28:54 ] Input of invalid type and it can not be used to compute V
INFO:root:[ 06/12/2020 17:41:39 ] The string digits were converted to integer, so they can be used in V computation
ERROR:root:[ 06/12/2020 18:03:27 ] Input of invalid type and it can not be used to update matrix D
ERROR:root:[ 06/12/2020 18:13:00 ] Input of invalid type and it can not be used to update matrix D
ERROR:root:[ 06/12/2020 18:13:43 ] Input of invalid type and it can not be used to update matrix D
ERROR:root:[ 06/12/2020 18:14:52 ] Input of invalid type and it can not be used to update matrix D
ERROR:root:[ 06/12/2020 18:21:10 ] The matrix D contains elements of invalid type
ERROR:root:[ 06/12/2020 18:21:40 ] The matrix D contains elements of invalid type
ERROR:root:[ 06/12/2020 18:28:33 ] The matrix D contains elements of invalid type
INFO:root:[ 06/12/2020 18:41:50 ] The string, boolean or int values that were not 0 or 1 were converted to make D valid
INFO:root:[ 06/12/2020 18:42:13 ] The string, boolean or int values that were not 0 or 1 were converted to make D valid
INFO:root:[ 06/12/2020 18:43:16 ] The string, boolean or int values that were not 0 or 1 were converted to make D valid
INFO:root:[ 06/12/2020 18:43:44 ] The string, boolean or int values that were not 0 or 1 were converted to make D valid
ERROR:root:[ 06/12/2020 18:44:39 ] The matrix D contains elements of invalid type
ERROR:root:[ 06/12/2020 18:44:59 ] The matrix D contains elements of invalid type
ERROR:root:[ 06/12/2020 19:01:15 ] The matrix D contains elements of invalid type
ERROR:root:[ 06/12/2020 19:01:16 ] The matrix D contains elements of invalid type
ERROR:root:[ 06/12/2020 19:03:57 ] The matrix D contains elements of invalid type
INFO:root:[ 06/12/2020 19:07:15 ] The string, boolean or int values that were not 0 or 1 were converted to make D valid
INFO:root:[ 06/12/2020 19:08:07 ] The string, boolean or int values that were not 0 or 1 were converted to make D valid
INFO:root:[ 06/12/2020 19:09:31 ] The string, boolean or int values that were not 0 or 1 were converted to make D valid
INFO:root:[ 06/12/2020 19:09:41 ] The string, boolean or int values that were not 0 or 1 were converted to make D valid
ERROR:root:[ 06/12/2020 19:09:45 ] The matrix D contains elements of invalid type
ERROR:root:[ 06/12/2020 19:10:45 ] The matrix D contains elements of invalid type
INFO:root:[ 06/12/2020 19:10:51 ] The string, boolean or int values that were not 0 or 1 were converted to make D valid
